161
 10
245
 49
 18
142
193
 52
154
113
 83
130
184
 88
150
214
 34
181
220
 52
138
 96
 88
201
227
250
209
101
213
 22
 36
 77
118
245
172
171
 85
 46
199
 80
 41
208
101
196
167
148
249
 83
143
152
208
106
164
 88
151
118
153
 74
162
236
249
168
144
224
132
 68
114
185
 14
 18
217
244
 49
  3
 63
113
128
191
 11
103
249
135
210
  9
 17
125
252
243
 82
193
 13
  9
 10
140
230
 69
125
200
 64
161
226
 27
142
 13
120
221
  6
232
187
202
109
144
175
160
151
 93
 91
 77
201
 46
 22
 45
237
 16
247
 37
176
184
165
 73
 55
119
157
219
253
162
182
236
 37
245
220
220
100
223
 71
 63
255
200
163
175
 76
249
 12
186
 64
180
211
 69
196
211
 99
 38
 92
244
150
201
 83
 65
148
224
226
226
209
  2
211
 14
 96
238
178
 63
126
224
 64
  8
232
 51
 66
232
 53
130
113
 52
132
160
 28
 53
 18
232
103
151
 33
172
 79
 59
162
219
170
151
179
117
107
215
222
219
 55
 46
104
154
152
 29
134
 88
208
 82
151
152
183
108
188
 28
 52
178
 83
152
233
249
223
135
243
139
188
 20
 52
111
174
111
 42
103
156
193
189
178
 79
  9
209
177
136
135
229
 90
 46
 94
105
 28
193
109
111
 48
 54
 61
136
236
 99
113
105
241
 15
135
113
 67
147
179
 19
205
116
101
  6
 43
151
114
 25
164
 92
 23
152
103
177
195
 35
216
139
 55
124
125
202
  0
214
 29
230
 62
234
232
 76
 85
 38
199
141
212
 39
166
 90
228
210
183
106
124
133
 53
180
130
176
 88
 75
 43
213
118
 66
119
204
 46
 97
 58
254
 31
 15
 67
 61
217
 25
255
233
 33
  2
 37
 49
144
 70
238
147
189
211
137
136
148
 20
157
101
134
163
207
 42
195
182
 97
141
 37
120
116
 12
192
119
 47
 32
207
216
124
168
 55
 42
232
116
102
230
231
151
241
113
 48
  4
 78
226
206
115
 39
 70
180
134
 48
182
181
208
180
185
 99
 84
107
178
152
180
140
112
 28
183
218
199
192
176
131
118
 69
 23
238
208
 25
 51
165
102
117
158
  8
226
115
232
234
 63
241
  8
231
 83
189
235
186
 72
180
 14
184
 51
 16
253
101
 26
186
175
 58
 78
164
 74
198
 10
 45
236
176
 76
218
206
 96
214
129
255
 94
250
101
 94
126
109
232
216
 76
155
 42
247
  5
146
174
 51
255
115
248
251
 52
186
 83
 69
 20
 14
 28
 25
176
205
242
 45
199
114
 75
177
 12
143
 83
252
 15
 45
155
167
 95
213
 54
  6
 91
224
 67
232
 36
 51
193
128
161
218
 40
 78
 45
 98
248
 80
126
229
 96
 93
233
182
251
 84
220
105
255
207
195
141
178
129
  5
225
 57
206
 14
112
255
185
116
 37
 66
  7
187
 31
144
186
145
201
 23
133
 86
 50
116
 10
  0
238
 46
 38
 30
240
205
 26
195
120
109
189
173
 62
253
153
101
224
  5
108
145
 30
170
216
151
166
 68
 53
157
  0
192
204
116
116
183
155
 35
 87
 99
144
 39
 40
 18
248
118
156
106
247
237
124
 17
 44
  9
111
202
137
254
 35
188
109
227
 56
 93
102
 94
 92
 15
137
177
  7
111
 66
  1
123
134
145
188
 64
225
166
 55
162
 96
241
195
203
 54
 52
 40
138
 97
248
114
 28
132
  9
 22
 29
222
 13
 42
200
 86
112
112
 81
211
126
 23
223
 67
191
 17
 54
 88
206
131
216
 47
 29
220
 77
 93
 55
171
192
151
193
 66
 45
217
163
  4
  6
166
 63
162
189
 12
 52
  8
168
119
110
196
 88
 11
111
249
 90
 47
254
210
227
191
181
 28
248
254
 20
239
 82
192
173
178
245
242
 62
 54
181
  0
105
198
 92
184
 82
214
124
 32
191
175
 77
 89
183
 69
 62
108
160
141
 12
250
  4
152
255
 40
 77
205
174
248
211
 22
113
 56
  4
147
 31
 57
176
185
  5
242
200
  9
 69
168
 53
106
159
139
155
 86
  0
  7
 96
 34
254
120
  9
 91
121
122
221
 53
 59
106
 23
  3
 30
243
 45
214
195
251
  5
 41
245
103
135
 48
167
  4
 96
  0
156
 25
 96
 16
141
 18
 43
 75
 47
 85
152
188
140
173
225
 64
 25
 89
131
246
205
 79
182
 10
 11
 14
 63
219
106
 91
199
  1
220
 76
253
140
 84
190
 79
178
138
229
240
196
186
165
122
228
166
 64
181
115
254
 59
173
187
 85
148
 60
191
174
237
226
 72
 59
230
 31
104
 69
 37
157
186
 59
 35
243
 73
 48
 23
191
 37
133
171
237
149
 95
 40
233
231
 14
